<?xml version="1.0" encoding="UTF-8"?>
<!-- Generated by org.testng.reporters.JUnitXMLReporter -->
<testsuite ignored="2" hostname="WINDOWS-10" failures="2" tests="14" name="TVH&#039;s Test" time="919.097" errors="0" timestamp="2023-04-17T06:39:10 ICT">
  <testcase classname="tests.LoginTest" name="login" time="4.442"/>
  <testcase classname="tests.AdminTest" name="createAdmin" time="133.429"/>
  <testcase classname="tests.AdminTest" name="createAdmin" time="14.709"/>
  <testcase classname="tests.AdminTest" name="createAdmin" time="33.778"/>
  <testcase classname="tests.AdminTest" name="createAdmin" time="33.322"/>
  <testcase classname="tests.AdminTest" name="createAdmin" time="54.38"/>
  <testcase classname="tests.AdminTest" name="createAdmin" time="74.917"/>
  <testcase classname="tests.AdminTest" name="createAdmin" time="73.71"/>
  <testcase classname="tests.AdminTest" name="createAdmin" time="33.783">
    <failure type="java.lang.Exception" message="Time out! Not found Save Admin Button!">
      <![CDATA[java.lang.Exception: Time out! Not found Save Admin Button!
at pages.AdminPage.clickSubmit(AdminPage.java:159)
at tests.AdminTest.createAdmin(AdminTest.java:40)
at java.base/java.util.ArrayList.forEach(ArrayList.java:1511)
... Removed 27 stack frames]]>
    </failure>
  </testcase> <!-- createAdmin -->
  <testcase classname="tests.AdminTest" name="createAdmin" time="33.834">
    <failure type="java.lang.Exception" message="Time out! Not found Save Admin Button!">
      <![CDATA[java.lang.Exception: Time out! Not found Save Admin Button!
at pages.AdminPage.clickSubmit(AdminPage.java:159)
at tests.AdminTest.createAdmin(AdminTest.java:40)
at java.base/java.util.ArrayList.forEach(ArrayList.java:1511)
... Removed 27 stack frames]]>
    </failure>
  </testcase> <!-- createAdmin -->
  <testcase classname="tests.AdminTest" name="createAdmin" time="93.165"/>
  <testcase classname="tests.AdminTest" name="createAdmin" time="93.605"/>
  <testcase classname="tests.AdminTest" name="createAdmin" time="113.644"/>
  <testcase classname="tests.AdminTest" name="createAdmin" time="113.372"/>
  <testcase classname="tests.BaseTest" name="@BeforeSuite start" time="0.0">
    <ignored/>
  </testcase> <!-- @BeforeSuite start -->
  <testcase classname="tests.BaseTest" name="@AfterSuite end" time="0.0">
    <ignored/>
  </testcase> <!-- @AfterSuite end -->
</testsuite> <!-- TVH's Test -->
